<?xml version="1.0" encoding="UTF-8"?>
<testsuite xmlns:xsi="http://www.w3.org/2001/XMLSchema-instance" xsi:noNamespaceSchemaLocation="https://maven.apache.org/surefire/maven-surefire-plugin/xsd/surefire-test-report-3.0.xsd" version="3.0" name="parallel.RunnerTests" time="66.851" tests="3" errors="0" skipped="0" failures="0">
  <properties>
[...]
</properties>
  <testcase name="runScenario[&quot;verify login&quot;, &quot;Optional[Login Page]&quot;](1)" classname="parallel.RunnerTests" time="21.145">
    <system-out><![CDATA[
@test
Scenario: verify login          # src/test/resources/parallel/LoginFeature.feature:4
Hey buddy your are using chrome browser
  Given user visits hrm website # parallel.StepsOfLoginPage.user_visits_hrm_website()
  Then User logs in to app      # parallel.StepsOfLoginPage.user_logs_in_to_app()
]]></system-out>
    <system-err><![CDATA[SLF4J: No SLF4J providers were found.
SLF4J: Defaulting to no-operation (NOP) logger implementation
SLF4J: See https://www.slf4j.org/codes.html#noProviders for further details.
Starting ChromeDriver 114.0.5735.90 (386bc09e8f4f2e025eddae123f36f6263096ae49-refs/branch-heads/5735@{#1052}) on port 30363
Only local connections are allowed.
Please see https://chromedriver.chromium.org/security-considerations for suggestions on keeping ChromeDriver safe.
ChromeDriver was started successfully.
Jun 16, 2023 6:40:35 PM org.openqa.selenium.remote.ProtocolHandshake createSession
INFO: Detected dialect: W3C
]]></system-err>
  </testcase>
  <testcase name="runScenario[&quot;verify login&quot;, &quot;Optional[Login Page]&quot;](2)" classname="parallel.RunnerTests" time="13.32">
    <system-out><![CDATA[
@test
Scenario: verify login          # src/test/resources/parallel/LoginFeature2.feature:4
Hey buddy your are using chrome browser
  Given user visits hrm website # parallel.StepsOfLoginPage.user_visits_hrm_website()
  Then User logs in to app      # parallel.StepsOfLoginPage.user_logs_in_to_app()
]]></system-out>
    <system-err><![CDATA[Starting ChromeDriver 114.0.5735.90 (386bc09e8f4f2e025eddae123f36f6263096ae49-refs/branch-heads/5735@{#1052}) on port 21243
Only local connections are allowed.
Please see https://chromedriver.chromium.org/security-considerations for suggestions on keeping ChromeDriver safe.
ChromeDriver was started successfully.
Jun 16, 2023 6:40:50 PM org.openqa.selenium.remote.ProtocolHandshake createSession
INFO: Detected dialect: W3C
]]></system-err>
  </testcase>
  <testcase name="runScenario[&quot;verify login&quot;, &quot;Optional[Login Page]&quot;](3)" classname="parallel.RunnerTests" time="13.901">
    <system-out><![CDATA[
@test
Scenario: verify login          # src/test/resources/parallel/LoginFeature3.feature:4
Hey buddy your are using chrome browser
  Given user visits hrm website # parallel.StepsOfLoginPage.user_visits_hrm_website()
  Then User logs in to app      # parallel.StepsOfLoginPage.user_logs_in_to_app()
]]></system-out>
    <system-err><![CDATA[Starting ChromeDriver 114.0.5735.90 (386bc09e8f4f2e025eddae123f36f6263096ae49-refs/branch-heads/5735@{#1052}) on port 22416
Only local connections are allowed.
Please see https://chromedriver.chromium.org/security-considerations for suggestions on keeping ChromeDriver safe.
ChromeDriver was started successfully.
Jun 16, 2023 6:41:04 PM org.openqa.selenium.remote.ProtocolHandshake createSession
INFO: Detected dialect: W3C
]]></system-err>
  </testcase>
</testsuite>