<?xml version="1.0" encoding="UTF-8"?>
<testng-results ignored="0" total="3" passed="3" failed="0" skipped="0">
  <reporter-output>
  </reporter-output>
  <suite started-at="2023-07-07T12:34:23 IST" name="Surefire suite" finished-at="2023-07-07T12:35:17 IST" duration-ms="54866">
    <groups>
      <group name="cucumber">
        <method signature="AbstractTestNGCucumberTests.runScenario(io.cucumber.testng.PickleWrapper,io.cucumber.testng.FeatureWrapper)[pri:0, instance:parallel.RunnerTests@394a2528]" name="runScenario" class="io.cucumber.testng.AbstractTestNGCucumberTests"/>
      </group> <!-- cucumber -->
    </groups>
    <test started-at="2023-07-07T12:34:23 IST" name="Surefire test" finished-at="2023-07-07T12:35:17 IST" duration-ms="54866">
      <class name="parallel.RunnerTests">
        <test-method is-config="true" signature="setUpClass()[pri:0, instance:parallel.RunnerTests@394a2528]" started-at="2023-07-07T12:34:23 IST" name="setUpClass" finished-at="2023-07-07T12:34:25 IST" duration-ms="2131" status="PASS">
          <reporter-output>
          </reporter-output>
        </test-method> <!-- setUpClass -->
        <test-method signature="runScenario(io.cucumber.testng.PickleWrapper,io.cucumber.testng.FeatureWrapper)[pri:0, instance:parallel.RunnerTests@394a2528]" started-at="2023-07-07T12:34:25 IST" name="runScenario" description="Runs Cucumber Scenarios" data-provider="scenarios" finished-at="2023-07-07T12:34:51 IST" duration-ms="25969" status="PASS">
          <params>
            <param index="0">
              <value>
                <![CDATA["verify login"]]>
              </value>
            </param>
            <param index="1">
              <value>
                <![CDATA["Optional[Login Page]"]]>
              </value>
            </param>
          </params>
          <reporter-output>
          </reporter-output>
        </test-method> <!-- runScenario -->
        <test-method signature="runScenario(io.cucumber.testng.PickleWrapper,io.cucumber.testng.FeatureWrapper)[pri:0, instance:parallel.RunnerTests@394a2528]" started-at="2023-07-07T12:34:25 IST" name="runScenario" description="Runs Cucumber Scenarios" data-provider="scenarios" finished-at="2023-07-07T12:34:51 IST" duration-ms="25969" status="PASS">
          <params>
            <param index="0">
              <value>
                <![CDATA["verify login"]]>
              </value>
            </param>
            <param index="1">
              <value>
                <![CDATA["Optional[Login Page]"]]>
              </value>
            </param>
          </params>
          <reporter-output>
          </reporter-output>
        </test-method> <!-- runScenario -->
        <test-method signature="runScenario(io.cucumber.testng.PickleWrapper,io.cucumber.testng.FeatureWrapper)[pri:0, instance:parallel.RunnerTests@394a2528]" started-at="2023-07-07T12:34:51 IST" name="runScenario" description="Runs Cucumber Scenarios" data-provider="scenarios" finished-at="2023-07-07T12:35:06 IST" duration-ms="14903" status="PASS">
          <params>
            <param index="0">
              <value>
                <![CDATA["verify login"]]>
              </value>
            </param>
            <param index="1">
              <value>
                <![CDATA["Optional[Login Page]"]]>
              </value>
            </param>
          </params>
          <reporter-output>
          </reporter-output>
        </test-method> <!-- runScenario -->
        <test-method is-config="true" signature="tearDownClass()[pri:0, instance:parallel.RunnerTests@394a2528]" started-at="2023-07-07T12:35:06 IST" name="tearDownClass" finished-at="2023-07-07T12:35:17 IST" duration-ms="11700" status="PASS">
          <reporter-output>
          </reporter-output>
        </test-method> <!-- tearDownClass -->
      </class> <!-- parallel.RunnerTests -->
    </test> <!-- Surefire test -->
  </suite> <!-- Surefire suite -->
</testng-results>
