<?xml version="1.0" encoding="UTF-8"?>
<testng-results ignored="0" total="5" passed="5" failed="0" skipped="0">
  <reporter-output>
  </reporter-output>
  <suite started-at="2023-06-16T11:42:55 IST" name="Practice Suite" finished-at="2023-06-16T11:44:59 IST" duration-ms="123415">
    <groups>
      <group name="cucumber">
        <method signature="AbstractTestNGCucumberTests.runScenario(io.cucumber.testng.PickleWrapper,io.cucumber.testng.FeatureWrapper)[pri:0, instance:parallel.RunnerTests@22ef9844]" name="runScenario" class="io.cucumber.testng.AbstractTestNGCucumberTests"/>
      </group> <!-- cucumber -->
    </groups>
    <test started-at="2023-06-16T11:42:55 IST" name="Test Basics 1" finished-at="2023-06-16T11:44:59 IST" duration-ms="123415">
      <class name="parallel.RunnerTests">
        <test-method is-config="true" signature="setUpClass()[pri:0, instance:parallel.RunnerTests@22ef9844]" started-at="2023-06-16T11:42:55 IST" name="setUpClass" finished-at="2023-06-16T11:42:57 IST" duration-ms="1795" status="PASS">
          <reporter-output>
          </reporter-output>
        </test-method> <!-- setUpClass -->
        <test-method signature="runScenario(io.cucumber.testng.PickleWrapper,io.cucumber.testng.FeatureWrapper)[pri:0, instance:parallel.RunnerTests@22ef9844]" started-at="2023-06-16T11:42:57 IST" name="runScenario" description="Runs Cucumber Scenarios" data-provider="scenarios" finished-at="2023-06-16T11:44:12 IST" duration-ms="74535" status="PASS">
          <params>
            <param index="0">
              <value>
                <![CDATA["verify login"]]>
              </value>
            </param>
            <param index="1">
              <value>
                <![CDATA["Optional[Login Page]"]]>
              </value>
            </param>
          </params>
          <reporter-output>
          </reporter-output>
        </test-method> <!-- runScenario -->
        <test-method signature="runScenario(io.cucumber.testng.PickleWrapper,io.cucumber.testng.FeatureWrapper)[pri:0, instance:parallel.RunnerTests@22ef9844]" started-at="2023-06-16T11:44:12 IST" name="runScenario" description="Runs Cucumber Scenarios" data-provider="scenarios" finished-at="2023-06-16T11:44:26 IST" duration-ms="14797" status="PASS">
          <params>
            <param index="0">
              <value>
                <![CDATA["verify login"]]>
              </value>
            </param>
            <param index="1">
              <value>
                <![CDATA["Optional[Login Page]"]]>
              </value>
            </param>
          </params>
          <reporter-output>
          </reporter-output>
        </test-method> <!-- runScenario -->
        <test-method signature="runScenario(io.cucumber.testng.PickleWrapper,io.cucumber.testng.FeatureWrapper)[pri:0, instance:parallel.RunnerTests@22ef9844]" started-at="2023-06-16T11:44:26 IST" name="runScenario" description="Runs Cucumber Scenarios" data-provider="scenarios" finished-at="2023-06-16T11:44:43 IST" duration-ms="16635" status="PASS">
          <params>
            <param index="0">
              <value>
                <![CDATA["verify login"]]>
              </value>
            </param>
            <param index="1">
              <value>
                <![CDATA["Optional[Login Page]"]]>
              </value>
            </param>
          </params>
          <reporter-output>
          </reporter-output>
        </test-method> <!-- runScenario -->
        <test-method signature="runScenario(io.cucumber.testng.PickleWrapper,io.cucumber.testng.FeatureWrapper)[pri:0, instance:parallel.RunnerTests@22ef9844]" started-at="2023-06-16T11:44:43 IST" name="runScenario" description="Runs Cucumber Scenarios" data-provider="scenarios" finished-at="2023-06-16T11:44:50 IST" duration-ms="7187" status="PASS">
          <params>
            <param index="0">
              <value>
                <![CDATA["Validate if the user can login into outlet account"]]>
              </value>
            </param>
            <param index="1">
              <value>
                <![CDATA["Optional[Test Outlet login functionality]"]]>
              </value>
            </param>
          </params>
          <reporter-output>
          </reporter-output>
        </test-method> <!-- runScenario -->
        <test-method signature="runScenario(io.cucumber.testng.PickleWrapper,io.cucumber.testng.FeatureWrapper)[pri:0, instance:parallel.RunnerTests@22ef9844]" started-at="2023-06-16T11:44:50 IST" name="runScenario" description="Runs Cucumber Scenarios" data-provider="scenarios" finished-at="2023-06-16T11:44:56 IST" duration-ms="5574" status="PASS">
          <params>
            <param index="0">
              <value>
                <![CDATA["Validate if the user can login into supplier account"]]>
              </value>
            </param>
            <param index="1">
              <value>
                <![CDATA["Optional[Test Supplier login functionality]"]]>
              </value>
            </param>
          </params>
          <reporter-output>
          </reporter-output>
        </test-method> <!-- runScenario -->
        <test-method is-config="true" signature="tearDownClass()[pri:0, instance:parallel.RunnerTests@22ef9844]" started-at="2023-06-16T11:44:56 IST" name="tearDownClass" finished-at="2023-06-16T11:44:59 IST" duration-ms="2765" status="PASS">
          <reporter-output>
          </reporter-output>
        </test-method> <!-- tearDownClass -->
      </class> <!-- parallel.RunnerTests -->
    </test> <!-- Test Basics 1 -->
  </suite> <!-- Practice Suite -->
</testng-results>
