<?xml version="1.0" encoding="UTF-8"?>
<testng-results ignored="0" total="3" passed="3" failed="0" skipped="0">
  <reporter-output>
  </reporter-output>
  <suite started-at="2023-06-15T19:40:26 IST" name="Default suite" finished-at="2023-06-15T19:41:31 IST" duration-ms="64925">
    <groups>
      <group name="cucumber">
        <method signature="AbstractTestNGCucumberTests.runScenario(io.cucumber.testng.PickleWrapper,io.cucumber.testng.FeatureWrapper)[pri:0, instance:parallel.RunnerTests@56cdfb3b]" name="runScenario" class="io.cucumber.testng.AbstractTestNGCucumberTests"/>
      </group> <!-- cucumber -->
    </groups>
    <test started-at="2023-06-15T19:40:26 IST" name="Default test" finished-at="2023-06-15T19:41:31 IST" duration-ms="64925">
      <class name="parallel.RunnerTests">
        <test-method is-config="true" signature="setUpClass()[pri:0, instance:parallel.RunnerTests@56cdfb3b]" started-at="2023-06-15T19:40:26 IST" name="setUpClass" finished-at="2023-06-15T19:40:27 IST" duration-ms="1110" status="PASS">
          <reporter-output>
          </reporter-output>
        </test-method> <!-- setUpClass -->
        <test-method signature="runScenario(io.cucumber.testng.PickleWrapper,io.cucumber.testng.FeatureWrapper)[pri:0, instance:parallel.RunnerTests@56cdfb3b]" started-at="2023-06-15T19:40:27 IST" name="runScenario" description="Runs Cucumber Scenarios" data-provider="scenarios" finished-at="2023-06-15T19:40:37 IST" duration-ms="10012" status="PASS">
          <params>
            <param index="0">
              <value>
                <![CDATA["Validate if the user can login into supplier account"]]>
              </value>
            </param>
            <param index="1">
              <value>
                <![CDATA["Optional[Test Supplier login functionality]"]]>
              </value>
            </param>
          </params>
          <reporter-output>
          </reporter-output>
        </test-method> <!-- runScenario -->
        <test-method signature="runScenario(io.cucumber.testng.PickleWrapper,io.cucumber.testng.FeatureWrapper)[pri:0, instance:parallel.RunnerTests@56cdfb3b]" started-at="2023-06-15T19:40:27 IST" name="runScenario" description="Runs Cucumber Scenarios" data-provider="scenarios" finished-at="2023-06-15T19:40:37 IST" duration-ms="10047" status="PASS">
          <params>
            <param index="0">
              <value>
                <![CDATA["Validate if the user can login into outlet account"]]>
              </value>
            </param>
            <param index="1">
              <value>
                <![CDATA["Optional[Test Outlet login functionality]"]]>
              </value>
            </param>
          </params>
          <reporter-output>
          </reporter-output>
        </test-method> <!-- runScenario -->
        <test-method signature="runScenario(io.cucumber.testng.PickleWrapper,io.cucumber.testng.FeatureWrapper)[pri:0, instance:parallel.RunnerTests@56cdfb3b]" started-at="2023-06-15T19:40:27 IST" name="runScenario" description="Runs Cucumber Scenarios" data-provider="scenarios" finished-at="2023-06-15T19:41:28 IST" duration-ms="60103" status="PASS">
          <params>
            <param index="0">
              <value>
                <![CDATA["verify login"]]>
              </value>
            </param>
            <param index="1">
              <value>
                <![CDATA["Optional[Login Page]"]]>
              </value>
            </param>
          </params>
          <reporter-output>
          </reporter-output>
        </test-method> <!-- runScenario -->
        <test-method is-config="true" signature="tearDownClass()[pri:0, instance:parallel.RunnerTests@56cdfb3b]" started-at="2023-06-15T19:41:28 IST" name="tearDownClass" finished-at="2023-06-15T19:41:31 IST" duration-ms="3585" status="PASS">
          <reporter-output>
          </reporter-output>
        </test-method> <!-- tearDownClass -->
      </class> <!-- parallel.RunnerTests -->
    </test> <!-- Default test -->
  </suite> <!-- Default suite -->
</testng-results>
